# JRE version: Java(TM) SE Runtime Environment (8.0_111-b14) (build 1.8.0_111-b14)
# Java VM: Java HotSpot(TM) 64-Bit Server VM (25.111-b14 mixed mode windows-amd64 compressed oops)
Heap:
 PSYoungGen      total 408064K, used 75815K [0x000000076b400000, 0x0000000786e00000, 0x00000007c0000000)
  eden space 397824K, 16% used [0x000000076b400000,0x000000076f452100,0x0000000783880000)
  from space 10240K, 97% used [0x0000000786400000,0x0000000786db7c00,0x0000000786e00000)
  to   space 16896K, 0% used [0x0000000784d00000,0x0000000784d00000,0x0000000785d80000)
 ParOldGen       total 116224K, used 20287K [0x00000006c1c00000, 0x00000006c8d80000, 0x000000076b400000)
  object space 116224K, 17% used [0x00000006c1c00000,0x00000006c2fcfc08,0x00000006c8d80000)
 Metaspace       used 38951K, capacity 40672K, committed 40752K, reserved 1085440K
  class space    used 5299K, capacity 5648K, committed 5680K, reserved 1048576K
GC Heap History (10 events):
Event: 8.231 GC heap before
{Heap before GC invocations=6 (full 1):
 PSYoungGen      total 141824K, used 131072K [0x000000076b400000, 0x0000000774900000, 0x00000007c0000000)
  eden space 131072K, 100% used [0x000000076b400000,0x0000000773400000,0x0000000773400000)
  from space 10752K, 0% used [0x0000000773e80000,0x0000000773e80000,0x0000000774900000)
  to   space 10752K, 0% used [0x0000000773400000,0x0000000773400000,0x0000000773e80000)
 ParOldGen       total 80896K, used 5295K [0x00000006c1c00000, 0x00000006c6b00000, 0x000000076b400000)
  object space 80896K, 6% used [0x00000006c1c00000,0x00000006c212bf20,0x00000006c6b00000)
 Metaspace       used 27503K, capacity 28406K, committed 28464K, reserved 1073152K
  class space    used 3665K, capacity 3879K, committed 3888K, reserved 1048576K
Event: 8.249 GC heap after
Heap after GC invocations=6 (full 1):
 PSYoungGen      total 141824K, used 10737K [0x000000076b400000, 0x000000077b600000, 0x00000007c0000000)
  eden space 131072K, 0% used [0x000000076b400000,0x000000076b400000,0x0000000773400000)
  from space 10752K, 99% used [0x0000000773400000,0x0000000773e7c458,0x0000000773e80000)
  to   space 12288K, 0% used [0x000000077aa00000,0x000000077aa00000,0x000000077b600000)
 ParOldGen       total 80896K, used 5573K [0x00000006c1c00000, 0x00000006c6b00000, 0x000000076b400000)
  object space 80896K, 6% used [0x00000006c1c00000,0x00000006c21715b0,0x00000006c6b00000)
 Metaspace       used 27503K, capacity 28406K, committed 28464K, reserved 1073152K
  class space    used 3665K, capacity 3879K, committed 3888K, reserved 1048576K
}
Event: 11.187 GC heap before
{Heap before GC invocations=7 (full 1):
 PSYoungGen      total 141824K, used 141809K [0x000000076b400000, 0x000000077b600000, 0x00000007c0000000)
  eden space 131072K, 100% used [0x000000076b400000,0x0000000773400000,0x0000000773400000)
  from space 10752K, 99% used [0x0000000773400000,0x0000000773e7c458,0x0000000773e80000)
  to   space 12288K, 0% used [0x000000077aa00000,0x000000077aa00000,0x000000077b600000)
 ParOldGen       total 80896K, used 5573K [0x00000006c1c00000, 0x00000006c6b00000, 0x000000076b400000)
  object space 80896K, 6% used [0x00000006c1c00000,0x00000006c21715b0,0x00000006c6b00000)
 Metaspace       used 30760K, capacity 31802K, committed 31920K, reserved 1077248K
  class space    used 4168K, capacity 4435K, committed 4528K, reserved 1048576K
Event: 11.207 GC heap after
Heap after GC invocations=7 (full 1):
 PSYoungGen      total 246784K, used 12271K [0x000000076b400000, 0x000000077b800000, 0x00000007c0000000)
  eden space 234496K, 0% used [0x000000076b400000,0x000000076b400000,0x0000000779900000)
  from space 12288K, 99% used [0x000000077aa00000,0x000000077b5fbdd8,0x000000077b600000)
  to   space 15872K, 0% used [0x0000000779900000,0x0000000779900000,0x000000077a880000)
 ParOldGen       total 80896K, used 8253K [0x00000006c1c00000, 0x00000006c6b00000, 0x000000076b400000)
  object space 80896K, 10% used [0x00000006c1c00000,0x00000006c240f670,0x00000006c6b00000)
 Metaspace       used 30760K, capacity 31802K, committed 31920K, reserved 1077248K
  class space    used 4168K, capacity 4435K, committed 4528K, reserved 1048576K
}
Event: 12.453 GC heap before
{Heap before GC invocations=8 (full 1):
 PSYoungGen      total 246784K, used 119699K [0x000000076b400000, 0x000000077b800000, 0x00000007c0000000)
  eden space 234496K, 45% used [0x000000076b400000,0x0000000771ce8fe0,0x0000000779900000)
  from space 12288K, 99% used [0x000000077aa00000,0x000000077b5fbdd8,0x000000077b600000)
  to   space 15872K, 0% used [0x0000000779900000,0x0000000779900000,0x000000077a880000)
 ParOldGen       total 80896K, used 8253K [0x00000006c1c00000, 0x00000006c6b00000, 0x000000076b400000)
  object space 80896K, 10% used [0x00000006c1c00000,0x00000006c240f670,0x00000006c6b00000)
 Metaspace       used 34063K, capacity 35428K, committed 35496K, reserved 1079296K
  class space    used 4563K, capacity 4858K, committed 4912K, reserved 1048576K
Event: 12.544 GC heap after
Heap after GC invocations=8 (full 1):
 PSYoungGen      total 250368K, used 15516K [0x000000076b400000, 0x0000000787580000, 0x00000007c0000000)
  eden space 234496K, 0% used [0x000000076b400000,0x000000076b400000,0x0000000779900000)
  from space 15872K, 97% used [0x0000000779900000,0x000000077a8272e0,0x000000077a880000)
  to   space 17920K, 0% used [0x0000000786400000,0x0000000786400000,0x0000000787580000)
 ParOldGen       total 80896K, used 8261K [0x00000006c1c00000, 0x00000006c6b00000, 0x000000076b400000)
  object space 80896K, 10% used [0x00000006c1c00000,0x00000006c2411670,0x00000006c6b00000)
 Metaspace       used 34063K, capacity 35428K, committed 35496K, reserved 1079296K
  class space    used 4563K, capacity 4858K, committed 4912K, reserved 1048576K
}
Event: 12.544 GC heap before
{Heap before GC invocations=9 (full 2):
 PSYoungGen      total 250368K, used 15516K [0x000000076b400000, 0x0000000787580000, 0x00000007c0000000)
  eden space 234496K, 0% used [0x000000076b400000,0x000000076b400000,0x0000000779900000)
  from space 15872K, 97% used [0x0000000779900000,0x000000077a8272e0,0x000000077a880000)
  to   space 17920K, 0% used [0x0000000786400000,0x0000000786400000,0x0000000787580000)
 ParOldGen       total 80896K, used 8261K [0x00000006c1c00000, 0x00000006c6b00000, 0x000000076b400000)
  object space 80896K, 10% used [0x00000006c1c00000,0x00000006c2411670,0x00000006c6b00000)
 Metaspace       used 34063K, capacity 35428K, committed 35496K, reserved 1079296K
  class space    used 4563K, capacity 4858K, committed 4912K, reserved 1048576K
Event: 12.702 GC heap after
Heap after GC invocations=9 (full 2):
 PSYoungGen      total 250368K, used 0K [0x000000076b400000, 0x0000000787580000, 0x00000007c0000000)
  eden space 234496K, 0% used [0x000000076b400000,0x000000076b400000,0x0000000779900000)
  from space 15872K, 0% used [0x0000000779900000,0x0000000779900000,0x000000077a880000)
  to   space 17920K, 0% used [0x0000000786400000,0x0000000786400000,0x0000000787580000)
 ParOldGen       total 116224K, used 20279K [0x00000006c1c00000, 0x00000006c8d80000, 0x000000076b400000)
  object space 116224K, 17% used [0x00000006c1c00000,0x00000006c2fcdc08,0x00000006c8d80000)
 Metaspace       used 34063K, capacity 35428K, committed 35496K, reserved 1079296K
  class space    used 4563K, capacity 4858K, committed 4912K, reserved 1048576K
}
Event: 17.171 GC heap before
{Heap before GC invocations=10 (full 2):
 PSYoungGen      total 250368K, used 234496K [0x000000076b400000, 0x0000000787580000, 0x00000007c0000000)
  eden space 234496K, 100% used [0x000000076b400000,0x0000000779900000,0x0000000779900000)
  from space 15872K, 0% used [0x0000000779900000,0x0000000779900000,0x000000077a880000)
  to   space 17920K, 0% used [0x0000000786400000,0x0000000786400000,0x0000000787580000)
 ParOldGen       total 116224K, used 20279K [0x00000006c1c00000, 0x00000006c8d80000, 0x000000076b400000)
  object space 116224K, 17% used [0x00000006c1c00000,0x00000006c2fcdc08,0x00000006c8d80000)
 Metaspace       used 36900K, capacity 38622K, committed 38960K, reserved 1083392K
  class space    used 4993K, capacity 5339K, committed 5424K, reserved 1048576K
Event: 17.188 GC heap after
Heap after GC invocations=10 (full 2):
 PSYoungGen      total 408064K, used 9951K [0x000000076b400000, 0x0000000786e00000, 0x00000007c0000000)
  eden space 397824K, 0% used [0x000000076b400000,0x000000076b400000,0x0000000783880000)
  from space 10240K, 97% used [0x0000000786400000,0x0000000786db7c00,0x0000000786e00000)
  to   space 16896K, 0% used [0x0000000784d00000,0x0000000784d00000,0x0000000785d80000)
 ParOldGen       total 116224K, used 20287K [0x00000006c1c00000, 0x00000006c8d80000, 0x000000076b400000)
  object space 116224K, 17% used [0x00000006c1c00000,0x00000006c2fcfc08,0x00000006c8d80000)
 Metaspace       used 36900K, capacity 38622K, committed 38960K, reserved 1083392K
  class space    used 4993K, capacity 5339K, committed 5424K, reserved 1048576K
}

